Removed Pin From Net: NetName=GND Pin=C3-2
Removed Pin From Net: NetName=GND Pin=C4-2
Removed Pin From Net: NetName=GND Pin=C6-2
Removed Pin From Net: NetName=GND Pin=C7-2
Removed Pin From Net: NetName=GND Pin=D2-1
Removed Pin From Net: NetName=GND Pin=D3-1
Removed Pin From Net: NetName=GND Pin=D5-2
Removed Pin From Net: NetName=GND Pin=D6-2
Removed Pin From Net: NetName=GND Pin=D7-2
Removed Pin From Net: NetName=GND Pin=D8-2
Removed Pin From Net: NetName=GND Pin=JDC1-2
Removed Pin From Net: NetName=GND Pin=JDC1-3
Removed Pin From Net: NetName=GND Pin=P3-2
Removed Pin From Net: NetName=GND Pin=R6-2
Removed Pin From Net: NetName=GND Pin=R8-1
Removed Pin From Net: NetName=GND Pin=R10-2
Removed Pin From Net: NetName=GND Pin=R11-2
Removed Pin From Net: NetName=GND Pin=R12-1
Removed Pin From Net: NetName=GND Pin=R13-1
Removed Pin From Net: NetName=GND Pin=R19-1
Removed Pin From Net: NetName=GND Pin=R21-2
Removed Pin From Net: NetName=GND Pin=U1-8
Removed Pin From Net: NetName=GND Pin=U2-7
Removed Pin From Net: NetName=GND Pin=U2-9
Removed Pin From Net: NetName=GND Pin=U3-2
Removed Pin From Net: NetName=GND Pin=U4-1
Removed Pin From Net: NetName=GND Pin=U4-3
Added Pin To Net: NetName=PGND Pin=C3-2
Added Pin To Net: NetName=PGND Pin=C4-2
Added Pin To Net: NetName=PGND Pin=C6-2
Added Pin To Net: NetName=PGND Pin=C7-2
Added Pin To Net: NetName=PGND Pin=D2-1
Added Pin To Net: NetName=PGND Pin=D3-1
Added Pin To Net: NetName=PGND Pin=D5-2
Added Pin To Net: NetName=PGND Pin=D6-2
Added Pin To Net: NetName=PGND Pin=D7-2
Added Pin To Net: NetName=PGND Pin=D8-2
Added Pin To Net: NetName=PGND Pin=JDC1-2
Added Pin To Net: NetName=PGND Pin=JDC1-3
Added Pin To Net: NetName=PGND Pin=P3-2
Added Pin To Net: NetName=PGND Pin=R6-2
Added Pin To Net: NetName=PGND Pin=R8-1
Added Pin To Net: NetName=PGND Pin=R10-2
Added Pin To Net: NetName=PGND Pin=R11-2
Added Pin To Net: NetName=PGND Pin=R12-1
Added Pin To Net: NetName=PGND Pin=R13-1
Added Pin To Net: NetName=PGND Pin=R19-1
Added Pin To Net: NetName=PGND Pin=R21-2
Added Pin To Net: NetName=PGND Pin=U1-8
Added Pin To Net: NetName=PGND Pin=U2-7
Added Pin To Net: NetName=PGND Pin=U2-9
Added Pin To Net: NetName=PGND Pin=U3-2
Added Pin To Net: NetName=PGND Pin=U4-1
Added Pin To Net: NetName=PGND Pin=U4-3
Added Net: Name=PGND
